ARM GAS  C:\Users\VIDIIA~1\AppData\Local\Temp\ccp21Ust.s 			page 1


   1              		.cpu cortex-m7
   2              		.eabi_attribute 28, 1
   3              		.eabi_attribute 20, 1
   4              		.eabi_attribute 21, 1
   5              		.eabi_attribute 23, 3
   6              		.eabi_attribute 24, 1
   7              		.eabi_attribute 25, 1
   8              		.eabi_attribute 26, 1
   9              		.eabi_attribute 30, 2
  10              		.eabi_attribute 34, 1
  11              		.eabi_attribute 18, 4
  12              		.file	"theSynthProj.cpp"
  13              		.text
  14              		.section	.text.startup.main,"ax",%progbits
  15              		.align	1
  16              		.p2align 2,,3
  17              		.global	main
  18              		.arch armv7e-m
  19              		.syntax unified
  20              		.thumb
  21              		.thumb_func
  22              		.fpu fpv5-d16
  24              	main:
  25              		@ args = 0, pretend = 0, frame = 0
  26              		@ frame_needed = 0, uses_anonymous_args = 0
  27              		@ link register save eliminated.
  28 0000 0020     		movs	r0, #0
  29 0002 7047     		bx	lr
  31              		.ident	"GCC: (GNU Arm Embedded Toolchain 9-2020-q2-update) 9.3.1 20200408 (release)"
ARM GAS  C:\Users\VIDIIA~1\AppData\Local\Temp\ccp21Ust.s 			page 2


DEFINED SYMBOLS
                            *ABS*:00000000 theSynthProj.cpp
C:\Users\VIDIIA~1\AppData\Local\Temp\ccp21Ust.s:15     .text.startup.main:00000000 $t
C:\Users\VIDIIA~1\AppData\Local\Temp\ccp21Ust.s:24     .text.startup.main:00000000 main

NO UNDEFINED SYMBOLS
