ARM GAS  C:\Users\geoff\AppData\Local\Temp\ccLrmjw0.s 			page 1


   1              		.cpu cortex-m7
   2              		.eabi_attribute 28, 1
   3              		.eabi_attribute 20, 1
   4              		.eabi_attribute 21, 1
   5              		.eabi_attribute 23, 3
   6              		.eabi_attribute 24, 1
   7              		.eabi_attribute 25, 1
   8              		.eabi_attribute 26, 1
   9              		.eabi_attribute 30, 2
  10              		.eabi_attribute 34, 1
  11              		.eabi_attribute 18, 4
  12              		.file	"musicSynth.cpp"
  13              		.text
  14              		.section	.text._ZN5daisy9DaisySeedD2Ev,"axG",%progbits,_ZN5daisy9DaisySeedD5Ev,comdat
  15              		.align	1
  16              		.p2align 2,,3
  17              		.weak	_ZN5daisy9DaisySeedD2Ev
  18              		.arch armv7e-m
  19              		.syntax unified
  20              		.thumb
  21              		.thumb_func
  22              		.fpu fpv5-d16
  24              	_ZN5daisy9DaisySeedD2Ev:
  25              		@ args = 0, pretend = 0, frame = 0
  26              		@ frame_needed = 0, uses_anonymous_args = 0
  27              		@ link register save eliminated.
  28 0000 7047     		bx	lr
  30              		.weak	_ZN5daisy9DaisySeedD1Ev
  31              		.thumb_set _ZN5daisy9DaisySeedD1Ev,_ZN5daisy9DaisySeedD2Ev
  32 0002 00BF     		.section	.text._ZN5daisy8DaisyPodD2Ev,"axG",%progbits,_ZN5daisy8DaisyPodD5Ev,comdat
  33              		.align	1
  34              		.p2align 2,,3
  35              		.weak	_ZN5daisy8DaisyPodD2Ev
  36              		.syntax unified
  37              		.thumb
  38              		.thumb_func
  39              		.fpu fpv5-d16
  41              	_ZN5daisy8DaisyPodD2Ev:
  42              		@ args = 0, pretend = 0, frame = 0
  43              		@ frame_needed = 0, uses_anonymous_args = 0
  44              		@ link register save eliminated.
  45 0000 7047     		bx	lr
  47              		.weak	_ZN5daisy8DaisyPodD1Ev
  48              		.thumb_set _ZN5daisy8DaisyPodD1Ev,_ZN5daisy8DaisyPodD2Ev
  49 0002 00BF     		.section	.text._ZN7daisysp10OscillatorD2Ev,"axG",%progbits,_ZN7daisysp10OscillatorD5Ev,comdat
  50              		.align	1
  51              		.p2align 2,,3
  52              		.weak	_ZN7daisysp10OscillatorD2Ev
  53              		.syntax unified
  54              		.thumb
  55              		.thumb_func
  56              		.fpu fpv5-d16
  58              	_ZN7daisysp10OscillatorD2Ev:
  59              		@ args = 0, pretend = 0, frame = 0
  60              		@ frame_needed = 0, uses_anonymous_args = 0
  61              		@ link register save eliminated.
  62 0000 7047     		bx	lr
ARM GAS  C:\Users\geoff\AppData\Local\Temp\ccLrmjw0.s 			page 2


  64              		.weak	_ZN7daisysp10OscillatorD1Ev
  65              		.thumb_set _ZN7daisysp10OscillatorD1Ev,_ZN7daisysp10OscillatorD2Ev
  66 0002 00BF     		.section	.text._ZN8PrintOut11UsbCallbackEPhPm,"ax",%progbits
  67              		.align	1
  68              		.p2align 2,,3
  69              		.global	_ZN8PrintOut11UsbCallbackEPhPm
  70              		.syntax unified
  71              		.thumb
  72              		.thumb_func
  73              		.fpu fpv5-d16
  75              	_ZN8PrintOut11UsbCallbackEPhPm:
  76              		@ args = 0, pretend = 0, frame = 0
  77              		@ frame_needed = 0, uses_anonymous_args = 0
  78              		@ link register save eliminated.
  79 0000 0B68     		ldr	r3, [r1]
  80 0002 73B1     		cbz	r3, .L13
  81 0004 421E     		subs	r2, r0, #1
  82 0006 30B4     		push	{r4, r5}
  83 0008 064C     		ldr	r4, .L16
  84              	.L7:
  85 000a 1346     		mov	r3, r2
  86 000c 12F8015F 		ldrb	r5, [r2, #1]!	@ zero_extendqisi2
  87 0010 0233     		adds	r3, r3, #2
  88 0012 04F8015B 		strb	r5, [r4], #1
  89 0016 0D68     		ldr	r5, [r1]
  90 0018 1B1A     		subs	r3, r3, r0
  91 001a 9D42     		cmp	r5, r3
  92 001c F5D8     		bhi	.L7
  93 001e 30BC     		pop	{r4, r5}
  94 0020 7047     		bx	lr
  95              	.L13:
  96 0022 7047     		bx	lr
  97              	.L17:
  98              		.align	2
  99              	.L16:
 100 0024 00000000 		.word	.LANCHOR0
 102              		.section	.text._ZN8PrintOut7PrinterD2Ev,"axG",%progbits,_ZN8PrintOut7PrinterD5Ev,comdat
 103              		.align	1
 104              		.p2align 2,,3
 105              		.weak	_ZN8PrintOut7PrinterD2Ev
 106              		.syntax unified
 107              		.thumb
 108              		.thumb_func
 109              		.fpu fpv5-d16
 111              	_ZN8PrintOut7PrinterD2Ev:
 112              		@ args = 0, pretend = 0, frame = 0
 113              		@ frame_needed = 0, uses_anonymous_args = 0
 114              		@ link register save eliminated.
 115 0000 7047     		bx	lr
 117              		.weak	_ZN8PrintOut7PrinterD1Ev
 118              		.thumb_set _ZN8PrintOut7PrinterD1Ev,_ZN8PrintOut7PrinterD2Ev
 119 0002 00BF     		.section	.text._ZN8PrintOut7Printer3outEPKcz,"axG",%progbits,_ZN8PrintOut7Printer3outEPKcz,comdat
 120              		.align	1
 121              		.p2align 2,,3
 122              		.weak	_ZN8PrintOut7Printer3outEPKcz
 123              		.syntax unified
 124              		.thumb
ARM GAS  C:\Users\geoff\AppData\Local\Temp\ccLrmjw0.s 			page 3


 125              		.thumb_func
 126              		.fpu fpv5-d16
 128              	_ZN8PrintOut7Printer3outEPKcz:
 129              		@ args = 4, pretend = 12, frame = 8
 130              		@ frame_needed = 0, uses_anonymous_args = 1
 131 0000 0EB4     		push	{r1, r2, r3}
 132 0002 F0B5     		push	{r4, r5, r6, r7, lr}
 133 0004 82B0     		sub	sp, sp, #8
 134 0006 00F16B05 		add	r5, r0, #107
 135 000a 0446     		mov	r4, r0
 136 000c 4FF40072 		mov	r2, #512
 137 0010 07AE     		add	r6, sp, #28
 138 0012 0021     		movs	r1, #0
 139 0014 2846     		mov	r0, r5
 140 0016 56F8047B 		ldr	r7, [r6], #4
 141 001a FFF7FEFF 		bl	memset
 142 001e 2846     		mov	r0, r5
 143 0020 3946     		mov	r1, r7
 144 0022 3246     		mov	r2, r6
 145 0024 0196     		str	r6, [sp, #4]
 146 0026 FFF7FEFF 		bl	vsprintf
 147 002a 2846     		mov	r0, r5
 148 002c FFF7FEFF 		bl	strlen
 149 0030 2946     		mov	r1, r5
 150 0032 0246     		mov	r2, r0
 151 0034 04F2CE20 		addw	r0, r4, #718
 152 0038 FFF7FEFF 		bl	_ZN5daisy9UsbHandle16TransmitInternalEPhj
 153 003c 02B0     		add	sp, sp, #8
 154              		@ sp needed
 155 003e BDE8F040 		pop	{r4, r5, r6, r7, lr}
 156 0042 03B0     		add	sp, sp, #12
 157 0044 7047     		bx	lr
 159 0046 00BF     		.section	.text._Z5setupv,"ax",%progbits
 160              		.align	1
 161              		.p2align 2,,3
 162              		.global	_Z5setupv
 163              		.syntax unified
 164              		.thumb
 165              		.thumb_func
 166              		.fpu fpv5-d16
 168              	_Z5setupv:
 169              		@ args = 0, pretend = 0, frame = 0
 170              		@ frame_needed = 0, uses_anonymous_args = 0
 171 0000 0B48     		ldr	r0, .L23
 172 0002 10B5     		push	{r4, lr}
 173 0004 00F16204 		add	r4, r0, #98
 174 0008 FFF7FEFF 		bl	_ZN5daisy9DaisySeed9ConfigureEv
 175 000c 0948     		ldr	r0, .L23+4
 176 000e FFF7FEFF 		bl	_ZN5daisy8DaisyPod4InitEv
 177 0012 FFF7FEFF 		bl	dsy_tim_init
 178 0016 FFF7FEFF 		bl	dsy_tim_start
 179 001a 2046     		mov	r0, r4
 180 001c 0021     		movs	r1, #0
 181 001e FFF7FEFF 		bl	_ZN5daisy9UsbHandle4InitENS0_9UsbPeriphE
 182 0022 2046     		mov	r0, r4
 183 0024 0449     		ldr	r1, .L23+8
 184 0026 BDE81040 		pop	{r4, lr}
ARM GAS  C:\Users\geoff\AppData\Local\Temp\ccLrmjw0.s 			page 4


 185 002a FFF7FEBF 		b	_ZN5daisy9UsbHandle18SetReceiveCallbackEPFvPhPmE
 186              	.L24:
 187 002e 00BF     		.align	2
 188              	.L23:
 189 0030 00000000 		.word	.LANCHOR1
 190 0034 00000000 		.word	.LANCHOR2
 191 0038 00000000 		.word	_ZN8PrintOut11UsbCallbackEPhPm
 193              		.section	.rodata.main.str1.4,"aMS",%progbits,1
 194              		.align	2
 195              	.LC0:
 196 0000 436F756E 		.ascii	"Counter:%6d  ||  TimeStamp:%6u\015\012\000"
 196      7465723A 
 196      25366420 
 196      207C7C20 
 196      2054696D 
 197              		.section	.text.startup.main,"ax",%progbits
 198              		.align	1
 199              		.p2align 2,,3
 200              		.global	main
 201              		.syntax unified
 202              		.thumb
 203              		.thumb_func
 204              		.fpu fpv5-d16
 206              	main:
 207              		@ args = 0, pretend = 0, frame = 0
 208              		@ frame_needed = 0, uses_anonymous_args = 0
 209 0000 38B5     		push	{r3, r4, r5, lr}
 210 0002 084C     		ldr	r4, .L28
 211 0004 FFF7FEFF 		bl	_Z5setupv
 212              	.L26:
 213 0008 FFF7FEFF 		bl	dsy_tim_get_ms
 214 000c 2268     		ldr	r2, [r4]
 215 000e 0346     		mov	r3, r0
 216 0010 0549     		ldr	r1, .L28+4
 217 0012 551C     		adds	r5, r2, #1
 218 0014 0548     		ldr	r0, .L28+8
 219 0016 2560     		str	r5, [r4]
 220 0018 FFF7FEFF 		bl	_ZN8PrintOut7Printer3outEPKcz
 221 001c FA20     		movs	r0, #250
 222 001e FFF7FEFF 		bl	dsy_tim_delay_ms
 223 0022 F1E7     		b	.L26
 224              	.L29:
 225              		.align	2
 226              	.L28:
 227 0024 00000000 		.word	.LANCHOR3
 228 0028 00000000 		.word	.LC0
 229 002c 00000000 		.word	.LANCHOR4
 231              		.section	.text.startup._GLOBAL__sub_I__ZN8PrintOut7sumbuffE,"ax",%progbits
 232              		.align	1
 233              		.p2align 2,,3
 234              		.syntax unified
 235              		.thumb
 236              		.thumb_func
 237              		.fpu fpv5-d16
 239              	_GLOBAL__sub_I__ZN8PrintOut7sumbuffE:
 240              		@ args = 0, pretend = 0, frame = 0
 241              		@ frame_needed = 0, uses_anonymous_args = 0
ARM GAS  C:\Users\geoff\AppData\Local\Temp\ccLrmjw0.s 			page 5


 242 0000 10B5     		push	{r4, lr}
 243 0002 0E4A     		ldr	r2, .L32
 244 0004 0E4C     		ldr	r4, .L32+4
 245 0006 0F49     		ldr	r1, .L32+8
 246 0008 0F48     		ldr	r0, .L32+12
 247 000a FFF7FEFF 		bl	__aeabi_atexit
 248 000e 0B4A     		ldr	r2, .L32
 249 0010 0E49     		ldr	r1, .L32+16
 250 0012 0F48     		ldr	r0, .L32+20
 251 0014 FFF7FEFF 		bl	__aeabi_atexit
 252 0018 2146     		mov	r1, r4
 253 001a 084A     		ldr	r2, .L32
 254 001c 0D48     		ldr	r0, .L32+24
 255 001e FFF7FEFF 		bl	__aeabi_atexit
 256 0022 2146     		mov	r1, r4
 257 0024 054A     		ldr	r2, .L32
 258 0026 0C48     		ldr	r0, .L32+28
 259 0028 FFF7FEFF 		bl	__aeabi_atexit
 260 002c 034A     		ldr	r2, .L32
 261 002e 0B49     		ldr	r1, .L32+32
 262 0030 0B48     		ldr	r0, .L32+36
 263 0032 BDE81040 		pop	{r4, lr}
 264 0036 FFF7FEBF 		b	__aeabi_atexit
 265              	.L33:
 266 003a 00BF     		.align	2
 267              	.L32:
 268 003c 00000000 		.word	__dso_handle
 269 0040 00000000 		.word	_ZN7daisysp10OscillatorD1Ev
 270 0044 00000000 		.word	_ZN5daisy9DaisySeedD1Ev
 271 0048 00000000 		.word	.LANCHOR1
 272 004c 00000000 		.word	_ZN5daisy8DaisyPodD1Ev
 273 0050 00000000 		.word	.LANCHOR2
 274 0054 00000000 		.word	.LANCHOR5
 275 0058 00000000 		.word	.LANCHOR6
 276 005c 00000000 		.word	_ZN8PrintOut7PrinterD1Ev
 277 0060 00000000 		.word	.LANCHOR4
 279              		.section	.init_array,"aw",%init_array
 280              		.align	2
 281 0000 00000000 		.word	_GLOBAL__sub_I__ZN8PrintOut7sumbuffE(target1)
 282              		.global	counter
 283              		.global	timer
 284              		.global	print
 285              		.global	osc2
 286              		.global	osc1
 287              		.global	pod
 288              		.global	seed
 289              		.global	_ZN8PrintOut7sumbuffE
 290              		.section	.bss._ZN8PrintOut7sumbuffE,"aw",%nobits
 291              		.align	2
 292              		.set	.LANCHOR0,. + 0
 295              	_ZN8PrintOut7sumbuffE:
 296 0000 00000000 		.space	1024
 296      00000000 
 296      00000000 
 296      00000000 
 296      00000000 
 297              		.section	.bss.counter,"aw",%nobits
ARM GAS  C:\Users\geoff\AppData\Local\Temp\ccLrmjw0.s 			page 6


 298              		.align	2
 299              		.set	.LANCHOR3,. + 0
 302              	counter:
 303 0000 00000000 		.space	4
 304              		.section	.bss.osc1,"aw",%nobits
 305              		.align	2
 306              		.set	.LANCHOR5,. + 0
 309              	osc1:
 310 0000 00000000 		.space	36
 310      00000000 
 310      00000000 
 310      00000000 
 310      00000000 
 311              		.section	.bss.osc2,"aw",%nobits
 312              		.align	2
 313              		.set	.LANCHOR6,. + 0
 316              	osc2:
 317 0000 00000000 		.space	36
 317      00000000 
 317      00000000 
 317      00000000 
 317      00000000 
 318              		.section	.bss.pod,"aw",%nobits
 319              		.align	2
 320              		.set	.LANCHOR2,. + 0
 323              	pod:
 324 0000 00000000 		.space	424
 324      00000000 
 324      00000000 
 324      00000000 
 324      00000000 
 325              		.section	.bss.print,"aw",%nobits
 326              		.align	2
 327              		.set	.LANCHOR4,. + 0
 330              	print:
 331 0000 00000000 		.space	728
 331      00000000 
 331      00000000 
 331      00000000 
 331      00000000 
 332              		.section	.bss.seed,"aw",%nobits
 333              		.align	2
 334              		.set	.LANCHOR1,. + 0
 337              	seed:
 338 0000 00000000 		.space	108
 338      00000000 
 338      00000000 
 338      00000000 
 338      00000000 
 339              		.section	.bss.timer,"aw",%nobits
 340              		.align	2
 343              	timer:
 344 0000 00000000 		.space	8
 344      00000000 
 345              		.hidden	__dso_handle
 346              		.ident	"GCC: (GNU Arm Embedded Toolchain 9-2020-q2-update) 9.3.1 20200408 (release)"
ARM GAS  C:\Users\geoff\AppData\Local\Temp\ccLrmjw0.s 			page 7


DEFINED SYMBOLS
                            *ABS*:00000000 musicSynth.cpp
C:\Users\geoff\AppData\Local\Temp\ccLrmjw0.s:15     .text._ZN5daisy9DaisySeedD2Ev:00000000 $t
C:\Users\geoff\AppData\Local\Temp\ccLrmjw0.s:24     .text._ZN5daisy9DaisySeedD2Ev:00000000 _ZN5daisy9DaisySeedD2Ev
C:\Users\geoff\AppData\Local\Temp\ccLrmjw0.s:24     .text._ZN5daisy9DaisySeedD2Ev:00000000 _ZN5daisy9DaisySeedD1Ev
C:\Users\geoff\AppData\Local\Temp\ccLrmjw0.s:33     .text._ZN5daisy8DaisyPodD2Ev:00000000 $t
C:\Users\geoff\AppData\Local\Temp\ccLrmjw0.s:41     .text._ZN5daisy8DaisyPodD2Ev:00000000 _ZN5daisy8DaisyPodD2Ev
C:\Users\geoff\AppData\Local\Temp\ccLrmjw0.s:41     .text._ZN5daisy8DaisyPodD2Ev:00000000 _ZN5daisy8DaisyPodD1Ev
C:\Users\geoff\AppData\Local\Temp\ccLrmjw0.s:50     .text._ZN7daisysp10OscillatorD2Ev:00000000 $t
C:\Users\geoff\AppData\Local\Temp\ccLrmjw0.s:58     .text._ZN7daisysp10OscillatorD2Ev:00000000 _ZN7daisysp10OscillatorD2Ev
C:\Users\geoff\AppData\Local\Temp\ccLrmjw0.s:58     .text._ZN7daisysp10OscillatorD2Ev:00000000 _ZN7daisysp10OscillatorD1Ev
C:\Users\geoff\AppData\Local\Temp\ccLrmjw0.s:67     .text._ZN8PrintOut11UsbCallbackEPhPm:00000000 $t
C:\Users\geoff\AppData\Local\Temp\ccLrmjw0.s:75     .text._ZN8PrintOut11UsbCallbackEPhPm:00000000 _ZN8PrintOut11UsbCallbackEPhPm
C:\Users\geoff\AppData\Local\Temp\ccLrmjw0.s:100    .text._ZN8PrintOut11UsbCallbackEPhPm:00000024 $d
C:\Users\geoff\AppData\Local\Temp\ccLrmjw0.s:103    .text._ZN8PrintOut7PrinterD2Ev:00000000 $t
C:\Users\geoff\AppData\Local\Temp\ccLrmjw0.s:111    .text._ZN8PrintOut7PrinterD2Ev:00000000 _ZN8PrintOut7PrinterD2Ev
C:\Users\geoff\AppData\Local\Temp\ccLrmjw0.s:111    .text._ZN8PrintOut7PrinterD2Ev:00000000 _ZN8PrintOut7PrinterD1Ev
C:\Users\geoff\AppData\Local\Temp\ccLrmjw0.s:120    .text._ZN8PrintOut7Printer3outEPKcz:00000000 $t
C:\Users\geoff\AppData\Local\Temp\ccLrmjw0.s:128    .text._ZN8PrintOut7Printer3outEPKcz:00000000 _ZN8PrintOut7Printer3outEPKcz
C:\Users\geoff\AppData\Local\Temp\ccLrmjw0.s:160    .text._Z5setupv:00000000 $t
C:\Users\geoff\AppData\Local\Temp\ccLrmjw0.s:168    .text._Z5setupv:00000000 _Z5setupv
C:\Users\geoff\AppData\Local\Temp\ccLrmjw0.s:189    .text._Z5setupv:00000030 $d
C:\Users\geoff\AppData\Local\Temp\ccLrmjw0.s:194    .rodata.main.str1.4:00000000 $d
C:\Users\geoff\AppData\Local\Temp\ccLrmjw0.s:198    .text.startup.main:00000000 $t
C:\Users\geoff\AppData\Local\Temp\ccLrmjw0.s:206    .text.startup.main:00000000 main
C:\Users\geoff\AppData\Local\Temp\ccLrmjw0.s:227    .text.startup.main:00000024 $d
C:\Users\geoff\AppData\Local\Temp\ccLrmjw0.s:232    .text.startup._GLOBAL__sub_I__ZN8PrintOut7sumbuffE:00000000 $t
C:\Users\geoff\AppData\Local\Temp\ccLrmjw0.s:239    .text.startup._GLOBAL__sub_I__ZN8PrintOut7sumbuffE:00000000 _GLOBAL__sub_I__ZN8PrintOut7sumbuffE
C:\Users\geoff\AppData\Local\Temp\ccLrmjw0.s:268    .text.startup._GLOBAL__sub_I__ZN8PrintOut7sumbuffE:0000003c $d
C:\Users\geoff\AppData\Local\Temp\ccLrmjw0.s:280    .init_array:00000000 $d
C:\Users\geoff\AppData\Local\Temp\ccLrmjw0.s:302    .bss.counter:00000000 counter
C:\Users\geoff\AppData\Local\Temp\ccLrmjw0.s:343    .bss.timer:00000000 timer
C:\Users\geoff\AppData\Local\Temp\ccLrmjw0.s:330    .bss.print:00000000 print
C:\Users\geoff\AppData\Local\Temp\ccLrmjw0.s:316    .bss.osc2:00000000 osc2
C:\Users\geoff\AppData\Local\Temp\ccLrmjw0.s:309    .bss.osc1:00000000 osc1
C:\Users\geoff\AppData\Local\Temp\ccLrmjw0.s:323    .bss.pod:00000000 pod
C:\Users\geoff\AppData\Local\Temp\ccLrmjw0.s:337    .bss.seed:00000000 seed
C:\Users\geoff\AppData\Local\Temp\ccLrmjw0.s:295    .bss._ZN8PrintOut7sumbuffE:00000000 _ZN8PrintOut7sumbuffE
C:\Users\geoff\AppData\Local\Temp\ccLrmjw0.s:291    .bss._ZN8PrintOut7sumbuffE:00000000 $d
C:\Users\geoff\AppData\Local\Temp\ccLrmjw0.s:298    .bss.counter:00000000 $d
C:\Users\geoff\AppData\Local\Temp\ccLrmjw0.s:305    .bss.osc1:00000000 $d
C:\Users\geoff\AppData\Local\Temp\ccLrmjw0.s:312    .bss.osc2:00000000 $d
C:\Users\geoff\AppData\Local\Temp\ccLrmjw0.s:319    .bss.pod:00000000 $d
C:\Users\geoff\AppData\Local\Temp\ccLrmjw0.s:326    .bss.print:00000000 $d
C:\Users\geoff\AppData\Local\Temp\ccLrmjw0.s:333    .bss.seed:00000000 $d
C:\Users\geoff\AppData\Local\Temp\ccLrmjw0.s:340    .bss.timer:00000000 $d
                           .group:00000000 _ZN5daisy9DaisySeedD5Ev
                           .group:00000000 _ZN5daisy8DaisyPodD5Ev
                           .group:00000000 _ZN7daisysp10OscillatorD5Ev
                           .group:00000000 _ZN8PrintOut7PrinterD5Ev

UNDEFINED SYMBOLS
memset
vsprintf
strlen
_ZN5daisy9UsbHandle16TransmitInternalEPhj
_ZN5daisy9DaisySeed9ConfigureEv
ARM GAS  C:\Users\geoff\AppData\Local\Temp\ccLrmjw0.s 			page 8


_ZN5daisy8DaisyPod4InitEv
dsy_tim_init
dsy_tim_start
_ZN5daisy9UsbHandle4InitENS0_9UsbPeriphE
_ZN5daisy9UsbHandle18SetReceiveCallbackEPFvPhPmE
dsy_tim_get_ms
dsy_tim_delay_ms
__aeabi_atexit
__dso_handle
